Arguments: 
  C:\Program Files\nodejs\node.exe C:\Users\chinn\AppData\Roaming\npm\node_modules\yarn\bin\yarn.js add @types/swagger-ui-express cors dotenv express express-session firebase-admin

PATH: 
  C:\Program Files\Common Files\Oracle\Java\javapath;C:\Windows\system32;C:\Windows;C:\Windows\System32\Wbem;C:\Windows\System32\WindowsPowerShell\v1.0\;C:\Windows\System32\OpenSSH\;C:\Program Files\Java\jdk-18\bin;C:\Program Files\nodejs\;C:\ProgramData\chocolatey\bin;C:\Program Files\MongoDB\Server\6.0\bin;C:\Program Files\Docker\Docker\resources\bin;C:\Program Files (x86)\PuTTY\;C:\Program Files\Git\cmd;C:\Users\chinn\AppData\Local\Programs\Python\Python310\Scripts\;C:\Users\chinn\AppData\Local\Programs\Python\Python310\;C:\Users\chinn\AppData\Local\Microsoft\WindowsApps;;C:\Users\chinn\AppData\Local\Programs\Microsoft VS Code\bin;C:\Users\chinn\AppData\Roaming\npm

Yarn version: 
  1.22.19

Node version: 
  16.17.0

Platform: 
  win32 x64

Trace: 
  Error: getaddrinfo ENOTFOUND registry.yarnpkg.com
      at GetAddrInfoReqWrap.onlookup [as oncomplete] (node:dns:109:26)

npm manifest: 
  {
    "name": "FullPapersPublished",
    "version": "1.0.0",
    "main": "index.js",
    "license": "MIT"
  }

yarn manifest: 
  No manifest

Lockfile: 
  No lockfile
